<?xml version="1.0" encoding="UTF-8"?>
<!-- Generated by org.testng.reporters.JUnitXMLReporter -->
<testsuite ignored="0" hostname="andrei" failures="0" tests="55" name="Command line test" time="0.063" errors="0" timestamp="2020-04-10T00:33:08 MSK">
  <testcase classname="MyStringTest" name="testClearOfMyString" time="0.003"/>
  <testcase classname="MyStringTest" name="testClearOfMyString" time="0.0"/>
  <testcase classname="MyStringTest" name="testClearOfMyString" time="0.0"/>
  <testcase classname="MyStringTest" name="testClearOfMyString" time="0.0"/>
  <testcase classname="MyStringTest" name="testGetLength" time="0.0"/>
  <testcase classname="MyStringTest" name="testGetLength" time="0.0"/>
  <testcase classname="MyStringTest" name="testGetLength" time="0.001"/>
  <testcase classname="MyStringTest" name="testGetLength" time="0.0"/>
  <testcase classname="MyStringTest" name="testGetLength" time="0.0"/>
  <testcase classname="MyStringTest" name="testGetLength" time="0.0"/>
  <testcase classname="MyStringTest" name="testMyString" time="0.0"/>
  <testcase classname="MyStringTest" name="testMyString" time="0.0"/>
  <testcase classname="MyStringTest" name="testMyString" time="0.0"/>
  <testcase classname="MyStringTest" name="testMyString" time="0.0"/>
  <testcase classname="MyStringTest" name="testMyString" time="0.0"/>
  <testcase classname="MyStringTest" name="testMyString" time="0.0"/>
  <testcase classname="MyStringTest" name="testMyStringChar" time="0.0"/>
  <testcase classname="MyStringTest" name="testMyStringChar" time="0.0"/>
  <testcase classname="MyStringTest" name="testMyStringChar" time="0.0"/>
  <testcase classname="MyStringStackTest" name="testCapacityConstructor" time="0.0"/>
  <testcase classname="MyStringStackTest" name="testCapacityConstructor" time="0.001"/>
  <testcase classname="MyStringStackTest" name="testCapacityConstructor" time="0.0"/>
  <testcase classname="MyStringStackTest" name="testCapacityConstructor" time="0.0"/>
  <testcase classname="MyStringStackTest" name="testDefaultConstructor" time="0.0"/>
  <testcase classname="MyStringStackTest" name="testStackPeek" time="0.0"/>
  <testcase classname="MyStringStackTest" name="testStackPop" time="0.001"/>
  <testcase classname="MyStringStackTest" name="testStackPush" time="0.0"/>
  <testcase classname="MyStringActionTest" name="testAddString" time="0.0"/>
  <testcase classname="MyStringActionTest" name="testAddString" time="0.0"/>
  <testcase classname="MyStringActionTest" name="testAddString" time="0.0"/>
  <testcase classname="MyStringActionTest" name="testAddString" time="0.0"/>
  <testcase classname="MyStringActionTest" name="testGetMyString" time="0.0"/>
  <testcase classname="MyStringActionTest" name="testGetMyString" time="0.0"/>
  <testcase classname="MyStringActionTest" name="testGetMyString" time="0.0"/>
  <testcase classname="MyStringActionTest" name="testGetMyString" time="0.0"/>
  <testcase classname="MyStringActionTest" name="testGetMyString" time="0.0"/>
  <testcase classname="MyStringActionTest" name="testGetMyStringStartPosition" time="0.0"/>
  <testcase classname="MyStringActionTest" name="testGetMyStringStartPosition" time="0.0"/>
  <testcase classname="MyStringActionTest" name="testGetMyStringStartPosition" time="0.0"/>
  <testcase classname="MyStringActionTest" name="testGetMyStringStartPosition" time="0.0"/>
  <testcase classname="MyStringActionTest" name="testGetMyStringStartPosition" time="0.0"/>
  <testcase classname="MyStringActionTest" name="testGetMyStringSymbolsNumber" time="0.0"/>
  <testcase classname="MyStringActionTest" name="testGetMyStringSymbolsNumber" time="0.0"/>
  <testcase classname="MyStringActionTest" name="testGetMyStringSymbolsNumber" time="0.0"/>
  <testcase classname="MyStringActionTest" name="testGetMyStringSymbolsNumber" time="0.0"/>
  <testcase classname="MyStringActionTest" name="testGetMyStringSymbolsNumber" time="0.0"/>
  <testcase classname="MyStringActionTest" name="testMyStringActionCapacity" time="0.001"/>
  <testcase classname="MyStringActionTest" name="testMyStringActionCapacity" time="0.0"/>
  <testcase classname="MyStringActionTest" name="testMyStringActionCapacity" time="0.0"/>
  <testcase classname="MyStringActionTest" name="testSetMyString" time="0.0"/>
  <testcase classname="MyStringActionTest" name="testSetMyString" time="0.0"/>
  <testcase classname="MyStringActionTest" name="testSetMyString" time="0.0"/>
  <testcase classname="MyStringActionTest" name="testSetMyString" time="0.0"/>
  <testcase classname="MyStringActionTest" name="testSetMyString" time="0.001"/>
  <testcase classname="MyStringActionTest" name="testSetMyString" time="0.0"/>
</testsuite> <!-- Command line test -->
