<?xml version="1.0" encoding="UTF-8" ?>
<testsuite tests="55" failures="0" name="TestSuite" time="0.013" errors="0" skipped="0">
  <properties>
[...]
</properties>
  <testcase classname="MyStringTest" name="testClearOfMyString" time="0.004"/>
  <testcase classname="MyStringTest" name="testClearOfMyString" time="0"/>
  <testcase classname="MyStringTest" name="testClearOfMyString" time="0"/>
  <testcase classname="MyStringTest" name="testClearOfMyString" time="0"/>
  <testcase classname="MyStringTest" name="testGetLength" time="0"/>
  <testcase classname="MyStringTest" name="testGetLength" time="0"/>
  <testcase classname="MyStringTest" name="testGetLength" time="0"/>
  <testcase classname="MyStringTest" name="testGetLength" time="0"/>
  <testcase classname="MyStringTest" name="testGetLength" time="0"/>
  <testcase classname="MyStringTest" name="testGetLength" time="0"/>
  <testcase classname="MyStringTest" name="testMyString" time="0"/>
  <testcase classname="MyStringTest" name="testMyString" time="0.001"/>
  <testcase classname="MyStringTest" name="testMyString" time="0"/>
  <testcase classname="MyStringTest" name="testMyString" time="0"/>
  <testcase classname="MyStringTest" name="testMyString" time="0"/>
  <testcase classname="MyStringTest" name="testMyString" time="0"/>
  <testcase classname="MyStringTest" name="testMyStringChar" time="0"/>
  <testcase classname="MyStringTest" name="testMyStringChar" time="0"/>
  <testcase classname="MyStringTest" name="testMyStringChar" time="0"/>
  <testcase classname="MyStringStackTest" name="testCapacityConstructor" time="0"/>
  <testcase classname="MyStringStackTest" name="testCapacityConstructor" time="0"/>
  <testcase classname="MyStringStackTest" name="testCapacityConstructor" time="0"/>
  <testcase classname="MyStringStackTest" name="testCapacityConstructor" time="0.001"/>
  <testcase classname="MyStringStackTest" name="testDefaultConstructor" time="0"/>
  <testcase classname="MyStringStackTest" name="testStackPeek" time="0.001"/>
  <testcase classname="MyStringStackTest" name="testStackPop" time="0.001"/>
  <testcase classname="MyStringStackTest" name="testStackPush" time="0"/>
  <testcase classname="MyStringActionTest" name="testAddString" time="0.001"/>
  <testcase classname="MyStringActionTest" name="testAddString" time="0"/>
  <testcase classname="MyStringActionTest" name="testAddString" time="0"/>
  <testcase classname="MyStringActionTest" name="testAddString" time="0"/>
  <testcase classname="MyStringActionTest" name="testGetMyString" time="0"/>
  <testcase classname="MyStringActionTest" name="testGetMyString" time="0"/>
  <testcase classname="MyStringActionTest" name="testGetMyString" time="0"/>
  <testcase classname="MyStringActionTest" name="testGetMyString" time="0.001"/>
  <testcase classname="MyStringActionTest" name="testGetMyString" time="0"/>
  <testcase classname="MyStringActionTest" name="testGetMyStringStartPosition" time="0"/>
  <testcase classname="MyStringActionTest" name="testGetMyStringStartPosition" time="0.001"/>
  <testcase classname="MyStringActionTest" name="testGetMyStringStartPosition" time="0"/>
  <testcase classname="MyStringActionTest" name="testGetMyStringStartPosition" time="0"/>
  <testcase classname="MyStringActionTest" name="testGetMyStringStartPosition" time="0"/>
  <testcase classname="MyStringActionTest" name="testGetMyStringSymbolsNumber" time="0"/>
  <testcase classname="MyStringActionTest" name="testGetMyStringSymbolsNumber" time="0"/>
  <testcase classname="MyStringActionTest" name="testGetMyStringSymbolsNumber" time="0"/>
  <testcase classname="MyStringActionTest" name="testGetMyStringSymbolsNumber" time="0"/>
  <testcase classname="MyStringActionTest" name="testGetMyStringSymbolsNumber" time="0"/>
  <testcase classname="MyStringActionTest" name="testMyStringActionCapacity" time="0.001"/>
  <testcase classname="MyStringActionTest" name="testMyStringActionCapacity" time="0"/>
  <testcase classname="MyStringActionTest" name="testMyStringActionCapacity" time="0"/>
  <testcase classname="MyStringActionTest" name="testSetMyString" time="0"/>
  <testcase classname="MyStringActionTest" name="testSetMyString" time="0.001"/>
  <testcase classname="MyStringActionTest" name="testSetMyString" time="0"/>
  <testcase classname="MyStringActionTest" name="testSetMyString" time="0"/>
  <testcase classname="MyStringActionTest" name="testSetMyString" time="0"/>
  <testcase classname="MyStringActionTest" name="testSetMyString" time="0"/>
</testsuite>